0 silly argv {
0 silly argv   _: [ 'version' ],
0 silly argv   'conventional-commits': true,
0 silly argv   conventionalCommits: true,
0 silly argv   lernaVersion: '8.1.3',
0 silly argv   '$0': 'node_modules/lerna/dist/cli.js'
0 silly argv }
1 notice cli v8.1.3
2 verbose packageConfigs Explicit "packages" configuration found in lerna.json. Resolving packages using the configured glob(s): ["packages/*"]
3 verbose rootPath /Users/sid/lab/prev
4 error Failed to process project graph. Run "nx reset" to fix this. Please report the issue if you keep seeing it.
4 error   MultipleProjectsWithSameNameError: The following projects are defined in multiple locations:
4 error   - basic:
4 error     - examples/basic
4 error     - examples/real-world
4 error
4 error   To fix this, set a unique name for each project in a project.json inside the project's root. If the project does not currently have a project.json, you can create one that contains only a name.
4 error       at validateAndNormalizeProjectRootMap (/Users/sid/lab/prev/node_modules/.pnpm/nx@19.3.1/node_modules/nx/src/project-graph/utils/project-configuration-utils.js:446:15)
4 error       at mergeCreateNodesResults (/Users/sid/lab/prev/node_modules/.pnpm/nx@19.3.1/node_modules/nx/src/project-graph/utils/project-configuration-utils.js:325:9)
4 error       at /Users/sid/lab/prev/node_modules/.pnpm/nx@19.3.1/node_modules/nx/src/project-graph/utils/project-configuration-utils.js:266:85
4 error       at async buildProjectGraphAndSourceMapsWithoutDaemon (/Users/sid/lab/prev/node_modules/.pnpm/nx@19.3.1/node_modules/nx/src/project-graph/project-graph.js:77:31)
4 error       at async createProjectGraphAndSourceMapsAsync (/Users/sid/lab/prev/node_modules/.pnpm/nx@19.3.1/node_modules/nx/src/project-graph/project-graph.js:202:25)
4 error       at async createProjectGraphAsync (/Users/sid/lab/prev/node_modules/.pnpm/nx@19.3.1/node_modules/nx/src/project-graph/project-graph.js:191:39)
4 error       at async detectProjects (/Users/sid/lab/prev/node_modules/.pnpm/lerna@8.1.3/node_modules/lerna/dist/index.js:1563:25)
